Enhems_Android/app/build/outputs/logs/manifest-merger-release-report.txt
-- Merging decision tree log ---
manifest
ADDED from src\main\AndroidManifest.xml:2:1-34:12
	package
		ADDED from src\main\AndroidManifest.xml:3:11-34
		INJECTED from src\main\AndroidManifest.xml
		INJECTED from src\main\AndroidManifest.xml
	android:versionName
		ADDED from src\main\AndroidManifest.xml:5:11-36
	android:versionCode
		ADDED from src\main\AndroidManifest.xml:4:11-34
		INJECTED from src\main\AndroidManifest.xml
		INJECTED from src\main\AndroidManifest.xml
	xmlns:android
		ADDED from src\main\AndroidManifest.xml:2:11-69
uses-permission#android.permission.INTERNET
ADDED from src\main\AndroidManifest.xml:6:5-67
	android:name
		ADDED from src\main\AndroidManifest.xml:6:22-64
uses-sdk
ADDED from src\main\AndroidManifest.xml:7:5-43
	android:targetSdkVersion
		INJECTED from src\main\AndroidManifest.xml
		INJECTED from src\main\AndroidManifest.xml
	android:minSdkVersion
		ADDED from src\main\AndroidManifest.xml:7:15-41
		INJECTED from src\main\AndroidManifest.xml
		INJECTED from src\main\AndroidManifest.xml
application
ADDED from src\main\AndroidManifest.xml:8:5-33:19
	android:label
		ADDED from src\main\AndroidManifest.xml:9:18-50
	android:allowBackup
		ADDED from src\main\AndroidManifest.xml:8:18-44
	android:icon
		ADDED from src\main\AndroidManifest.xml:10:18-54
	android:theme
		ADDED from src\main\AndroidManifest.xml:11:18-49
activity#ENHEMS.enhems.LoginActivity
ADDED from src\main\AndroidManifest.xml:12:9-20:20
	android:screenOrientation
		ADDED from src\main\AndroidManifest.xml:15:19-55
	android:label
		ADDED from src\main\AndroidManifest.xml:13:19-51
	android:configChanges
		ADDED from src\main\AndroidManifest.xml:14:19-54
	android:name
		ADDED from src\main\AndroidManifest.xml:12:19-47
intent-filter#android.intent.action.MAIN+android.intent.category.LAUNCHER
ADDED from src\main\AndroidManifest.xml:16:13-19:29
action#android.intent.action.MAIN
ADDED from src\main\AndroidManifest.xml:17:17-69
	android:name
		ADDED from src\main\AndroidManifest.xml:17:25-66
category#android.intent.category.LAUNCHER
ADDED from src\main\AndroidManifest.xml:18:17-77
	android:name
		ADDED from src\main\AndroidManifest.xml:18:27-74
activity#ENHEMS.enhems.CurrentActivity
ADDED from src\main\AndroidManifest.xml:21:9-24:20
	android:screenOrientation
		ADDED from src\main\AndroidManifest.xml:23:19-55
	android:configChanges
		ADDED from src\main\AndroidManifest.xml:22:19-54
	android:name
		ADDED from src\main\AndroidManifest.xml:21:19-49
activity#ENHEMS.enhems.HistoryActivity
ADDED from src\main\AndroidManifest.xml:25:9-28:20
	android:screenOrientation
		ADDED from src\main\AndroidManifest.xml:27:19-56
	android:configChanges
		ADDED from src\main\AndroidManifest.xml:26:19-54
	android:name
		ADDED from src\main\AndroidManifest.xml:25:19-49
activity#ENHEMS.enhems.ControlActivity
ADDED from src\main\AndroidManifest.xml:29:9-32:20
	android:screenOrientation
		ADDED from src\main\AndroidManifest.xml:31:19-56
	android:configChanges
		ADDED from src\main\AndroidManifest.xml:30:19-54
	android:name
		ADDED from src\main\AndroidManifest.xml:29:19-49